<?xml version="1.0" encoding="UTF-8"?>
<testsuite xmlns:xsi="http://www.w3.org/2001/XMLSchema-instance" xsi:noNamespaceSchemaLocation="https://maven.apache.org/surefire/maven-surefire-plugin/xsd/surefire-test-report-3.0.xsd" version="3.0" name="org.openapitools.client.model.SampleTest" time="0.014" tests="8" errors="0" skipped="0" failures="0">
  <properties>
[...]
</properties>
  <testcase name="idTest" classname="org.openapitools.client.model.SampleTest" time="0.0"/>
  <testcase name="modifiedByTest" classname="org.openapitools.client.model.SampleTest" time="0.001"/>
  <testcase name="modifiedOnTest" classname="org.openapitools.client.model.SampleTest" time="0.0"/>
  <testcase name="statusTest" classname="org.openapitools.client.model.SampleTest" time="0.001"/>
  <testcase name="createdByTest" classname="org.openapitools.client.model.SampleTest" time="0.001"/>
  <testcase name="createdOnTest" classname="org.openapitools.client.model.SampleTest" time="0.002"/>
  <testcase name="testSample" classname="org.openapitools.client.model.SampleTest" time="0.002"/>
  <testcase name="nameTest" classname="org.openapitools.client.model.SampleTest" time="0.001"/>
</testsuite>