<?xml version="1.0" encoding="UTF-8"?>
<testsuite xmlns:xsi="http://www.w3.org/2001/XMLSchema-instance" xsi:noNamespaceSchemaLocation="https://maven.apache.org/surefire/maven-surefire-plugin/xsd/surefire-test-report.xsd" version="3.0.2" name="com.example.ServiceArchetypeApplicationTests" time="4.972" tests="1" errors="0" skipped="0" failures="0">
  <properties>
[...]
</properties>
  <testcase name="contextLoads" classname="com.example.ServiceArchetypeApplicationTests" time="0.016">
    <system-out><![CDATA[15:21:50.630 [main] INFO org.springframework.test.context.support.AnnotationConfigContextLoaderUtils -- Could not detect default configuration classes for test class [com.example.ServiceArchetypeApplicationTests]: ServiceArchetypeApplicationTests does not declare any static, non-private, non-final, nested classes annotated with @Configuration.
15:21:50.845 [main] INFO org.springframework.boot.test.context.SpringBootTestContextBootstrapper -- Found @SpringBootConfiguration com.example.Application for test class com.example.ServiceArchetypeApplicationTests

  .   ____          _            __ _ _
 /\\ / ___'_ __ _ _(_)_ __  __ _ \ \ \ \
( ( )\___ | '_ | '_| | '_ \/ _` | \ \ \ \
 \\/  ___)| |_)| | | | | || (_| |  ) ) ) )
  '  |____| .__|_| |_|_| |_\__, | / / / /
 =========|_|==============|___/=/_/_/_/

 :: Spring Boot ::                (v3.5.4)

2025-08-20T15:21:51.257+05:30  INFO 22948 --- [MyService] [           main] c.e.ServiceArchetypeApplicationTests     : Starting ServiceArchetypeApplicationTests using Java 17.0.16 with PID 22948 (started by GurudattaHosahalliHa in C:\Users\GurudattaHosahalliHa\D Drive\Workspace1\MyService)
2025-08-20T15:21:51.259+05:30  INFO 22948 --- [MyService] [           main] c.e.ServiceArchetypeApplicationTests     : No active profile set, falling back to 1 default profile: "default"
2025-08-20T15:21:52.376+05:30  INFO 22948 --- [MyService] [           main] .s.d.r.c.RepositoryConfigurationDelegate : Bootstrapping Spring Data JPA repositories in DEFAULT mode.
2025-08-20T15:21:52.448+05:30  INFO 22948 --- [MyService] [           main] .s.d.r.c.RepositoryConfigurationDelegate : Finished Spring Data repository scanning in 58 ms. Found 1 JPA repository interface.
2025-08-20T15:21:52.984+05:30 DEBUG 22948 --- [MyService] [           main] com.zaxxer.hikari.HikariConfig           : Class org.h2.Driver found in Thread context class loader jdk.internal.loader.ClassLoaders$AppClassLoader@c387f44
2025-08-20T15:21:53.061+05:30 DEBUG 22948 --- [MyService] [           main] com.zaxxer.hikari.HikariConfig           : HikariPool-1 - configuration:
2025-08-20T15:21:53.066+05:30 DEBUG 22948 --- [MyService] [           main] com.zaxxer.hikari.HikariConfig           : allowPoolSuspension.............false
2025-08-20T15:21:53.066+05:30 DEBUG 22948 --- [MyService] [           main] com.zaxxer.hikari.HikariConfig           : autoCommit......................true
2025-08-20T15:21:53.066+05:30 DEBUG 22948 --- [MyService] [           main] com.zaxxer.hikari.HikariConfig           : catalog.........................none
2025-08-20T15:21:53.066+05:30 DEBUG 22948 --- [MyService] [           main] com.zaxxer.hikari.HikariConfig           : connectionInitSql...............none
2025-08-20T15:21:53.066+05:30 DEBUG 22948 --- [MyService] [           main] com.zaxxer.hikari.HikariConfig           : connectionTestQuery.............none
2025-08-20T15:21:53.066+05:30 DEBUG 22948 --- [MyService] [           main] com.zaxxer.hikari.HikariConfig           : connectionTimeout...............30000
2025-08-20T15:21:53.066+05:30 DEBUG 22948 --- [MyService] [           main] com.zaxxer.hikari.HikariConfig           : credentials.....................com.zaxxer.hikari.util.Credentials@6127ef86
2025-08-20T15:21:53.067+05:30 DEBUG 22948 --- [MyService] [           main] com.zaxxer.hikari.HikariConfig           : dataSource......................none
2025-08-20T15:21:53.067+05:30 DEBUG 22948 --- [MyService] [           main] com.zaxxer.hikari.HikariConfig           : dataSourceClassName.............none
2025-08-20T15:21:53.067+05:30 DEBUG 22948 --- [MyService] [           main] com.zaxxer.hikari.HikariConfig           : dataSourceJNDI..................none
2025-08-20T15:21:53.067+05:30 DEBUG 22948 --- [MyService] [           main] com.zaxxer.hikari.HikariConfig           : dataSourceProperties............{password=<masked>}
2025-08-20T15:21:53.067+05:30 DEBUG 22948 --- [MyService] [           main] com.zaxxer.hikari.HikariConfig           : driverClassName................."org.h2.Driver"
2025-08-20T15:21:53.067+05:30 DEBUG 22948 --- [MyService] [           main] com.zaxxer.hikari.HikariConfig           : exceptionOverride...............none
2025-08-20T15:21:53.067+05:30 DEBUG 22948 --- [MyService] [           main] com.zaxxer.hikari.HikariConfig           : exceptionOverrideClassName......none
2025-08-20T15:21:53.067+05:30 DEBUG 22948 --- [MyService] [           main] com.zaxxer.hikari.HikariConfig           : healthCheckProperties...........{}
2025-08-20T15:21:53.067+05:30 DEBUG 22948 --- [MyService] [           main] com.zaxxer.hikari.HikariConfig           : healthCheckRegistry.............none
2025-08-20T15:21:53.067+05:30 DEBUG 22948 --- [MyService] [           main] com.zaxxer.hikari.HikariConfig           : idleTimeout.....................600000
2025-08-20T15:21:53.067+05:30 DEBUG 22948 --- [MyService] [           main] com.zaxxer.hikari.HikariConfig           : initializationFailTimeout.......1
2025-08-20T15:21:53.067+05:30 DEBUG 22948 --- [MyService] [           main] com.zaxxer.hikari.HikariConfig           : isolateInternalQueries..........false
2025-08-20T15:21:53.067+05:30 DEBUG 22948 --- [MyService] [           main] com.zaxxer.hikari.HikariConfig           : jdbcUrl.........................jdbc:h2:mem:02a13984-e463-4e92-934f-1e950df12b02;DB_CLOSE_DELAY=-1;DB_CLOSE_ON_EXIT=FALSE
2025-08-20T15:21:53.068+05:30 DEBUG 22948 --- [MyService] [           main] com.zaxxer.hikari.HikariConfig           : keepaliveTime...................120000
2025-08-20T15:21:53.068+05:30 DEBUG 22948 --- [MyService] [           main] com.zaxxer.hikari.HikariConfig           : leakDetectionThreshold..........0
2025-08-20T15:21:53.068+05:30 DEBUG 22948 --- [MyService] [           main] com.zaxxer.hikari.HikariConfig           : maxLifetime.....................1800000
2025-08-20T15:21:53.068+05:30 DEBUG 22948 --- [MyService] [           main] com.zaxxer.hikari.HikariConfig           : maximumPoolSize.................10
2025-08-20T15:21:53.068+05:30 DEBUG 22948 --- [MyService] [           main] com.zaxxer.hikari.HikariConfig           : metricRegistry..................none
2025-08-20T15:21:53.068+05:30 DEBUG 22948 --- [MyService] [           main] com.zaxxer.hikari.HikariConfig           : metricsTrackerFactory...........none
2025-08-20T15:21:53.068+05:30 DEBUG 22948 --- [MyService] [           main] com.zaxxer.hikari.HikariConfig           : minimumIdle.....................10
2025-08-20T15:21:53.068+05:30 DEBUG 22948 --- [MyService] [           main] com.zaxxer.hikari.HikariConfig           : password........................<masked>
2025-08-20T15:21:53.068+05:30 DEBUG 22948 --- [MyService] [           main] com.zaxxer.hikari.HikariConfig           : poolName........................"HikariPool-1"
2025-08-20T15:21:53.068+05:30 DEBUG 22948 --- [MyService] [           main] com.zaxxer.hikari.HikariConfig           : readOnly........................false
2025-08-20T15:21:53.068+05:30 DEBUG 22948 --- [MyService] [           main] com.zaxxer.hikari.HikariConfig           : registerMbeans..................false
2025-08-20T15:21:53.068+05:30 DEBUG 22948 --- [MyService] [           main] com.zaxxer.hikari.HikariConfig           : scheduledExecutor...............none
2025-08-20T15:21:53.068+05:30 DEBUG 22948 --- [MyService] [           main] com.zaxxer.hikari.HikariConfig           : schema..........................none
2025-08-20T15:21:53.069+05:30 DEBUG 22948 --- [MyService] [           main] com.zaxxer.hikari.HikariConfig           : threadFactory...................internal
2025-08-20T15:21:53.069+05:30 DEBUG 22948 --- [MyService] [           main] com.zaxxer.hikari.HikariConfig           : transactionIsolation............default
2025-08-20T15:21:53.069+05:30 DEBUG 22948 --- [MyService] [           main] com.zaxxer.hikari.HikariConfig           : username........................"sa"
2025-08-20T15:21:53.069+05:30 DEBUG 22948 --- [MyService] [           main] com.zaxxer.hikari.HikariConfig           : validationTimeout...............5000
2025-08-20T15:21:53.069+05:30  INFO 22948 --- [MyService] [           main] com.zaxxer.hikari.HikariDataSource       : HikariPool-1 - Starting...
2025-08-20T15:21:53.083+05:30 DEBUG 22948 --- [MyService] [           main] com.zaxxer.hikari.pool.PoolBase          : HikariPool-1 - Attempting to create/setup new connection (814f5e1f-15fe-4652-a762-cbb4f4c5ce66)
2025-08-20T15:21:53.262+05:30 DEBUG 22948 --- [MyService] [           main] com.zaxxer.hikari.pool.PoolBase          : HikariPool-1 - Established new connection (814f5e1f-15fe-4652-a762-cbb4f4c5ce66)
2025-08-20T15:21:53.263+05:30  INFO 22948 --- [MyService] [           main] com.zaxxer.hikari.pool.HikariPool        : HikariPool-1 - Added connection conn0: url=jdbc:h2:mem:02a13984-e463-4e92-934f-1e950df12b02 user=SA
2025-08-20T15:21:53.267+05:30  INFO 22948 --- [MyService] [           main] com.zaxxer.hikari.HikariDataSource       : HikariPool-1 - Start completed.
2025-08-20T15:21:53.345+05:30  INFO 22948 --- [MyService] [           main] o.hibernate.jpa.internal.util.LogHelper  : HHH000204: Processing PersistenceUnitInfo [name: default]
2025-08-20T15:21:53.378+05:30 DEBUG 22948 --- [MyService] [l-1:housekeeper] com.zaxxer.hikari.pool.HikariPool        : HikariPool-1 - Pool stats (total=1/10, idle=1/10, active=0, waiting=0)
2025-08-20T15:21:53.379+05:30 DEBUG 22948 --- [MyService] [onnection-adder] com.zaxxer.hikari.pool.PoolBase          : HikariPool-1 - Attempting to create/setup new connection (64da159d-d7f9-490b-945d-d0580a28f825)
2025-08-20T15:21:53.380+05:30 DEBUG 22948 --- [MyService] [onnection-adder] com.zaxxer.hikari.pool.PoolBase          : HikariPool-1 - Established new connection (64da159d-d7f9-490b-945d-d0580a28f825)
2025-08-20T15:21:53.381+05:30 DEBUG 22948 --- [MyService] [onnection-adder] com.zaxxer.hikari.pool.HikariPool        : HikariPool-1 - Added connection conn1: url=jdbc:h2:mem:02a13984-e463-4e92-934f-1e950df12b02 user=SA
2025-08-20T15:21:53.404+05:30  INFO 22948 --- [MyService] [           main] org.hibernate.Version                    : HHH000412: Hibernate ORM core version 6.6.22.Final
2025-08-20T15:21:53.424+05:30 DEBUG 22948 --- [MyService] [onnection-adder] com.zaxxer.hikari.pool.HikariPool        : HikariPool-1 - After adding stats (total=2/10, idle=2/10, active=0, waiting=0)
2025-08-20T15:21:53.424+05:30 DEBUG 22948 --- [MyService] [onnection-adder] com.zaxxer.hikari.pool.PoolBase          : HikariPool-1 - Attempting to create/setup new connection (ad05f400-b53d-47d7-a3d7-f0a59854bfa5)
2025-08-20T15:21:53.426+05:30 DEBUG 22948 --- [MyService] [onnection-adder] com.zaxxer.hikari.pool.PoolBase          : HikariPool-1 - Established new connection (ad05f400-b53d-47d7-a3d7-f0a59854bfa5)
2025-08-20T15:21:53.426+05:30 DEBUG 22948 --- [MyService] [onnection-adder] com.zaxxer.hikari.pool.HikariPool        : HikariPool-1 - Added connection conn2: url=jdbc:h2:mem:02a13984-e463-4e92-934f-1e950df12b02 user=SA
2025-08-20T15:21:53.437+05:30  INFO 22948 --- [MyService] [           main] o.h.c.internal.RegionFactoryInitiator    : HHH000026: Second-level cache disabled
2025-08-20T15:21:53.470+05:30 DEBUG 22948 --- [MyService] [onnection-adder] com.zaxxer.hikari.pool.HikariPool        : HikariPool-1 - After adding stats (total=3/10, idle=3/10, active=0, waiting=0)
2025-08-20T15:21:53.470+05:30 DEBUG 22948 --- [MyService] [onnection-adder] com.zaxxer.hikari.pool.PoolBase          : HikariPool-1 - Attempting to create/setup new connection (47e3684d-1293-46c4-bde4-9d9eed8a8960)
2025-08-20T15:21:53.472+05:30 DEBUG 22948 --- [MyService] [onnection-adder] com.zaxxer.hikari.pool.PoolBase          : HikariPool-1 - Established new connection (47e3684d-1293-46c4-bde4-9d9eed8a8960)
2025-08-20T15:21:53.472+05:30 DEBUG 22948 --- [MyService] [onnection-adder] com.zaxxer.hikari.pool.HikariPool        : HikariPool-1 - Added connection conn3: url=jdbc:h2:mem:02a13984-e463-4e92-934f-1e950df12b02 user=SA
2025-08-20T15:21:53.516+05:30 DEBUG 22948 --- [MyService] [onnection-adder] com.zaxxer.hikari.pool.HikariPool        : HikariPool-1 - After adding stats (total=4/10, idle=4/10, active=0, waiting=0)
2025-08-20T15:21:53.516+05:30 DEBUG 22948 --- [MyService] [onnection-adder] com.zaxxer.hikari.pool.PoolBase          : HikariPool-1 - Attempting to create/setup new connection (f87c6030-9d82-4c40-b710-17146d71cff9)
2025-08-20T15:21:53.517+05:30 DEBUG 22948 --- [MyService] [onnection-adder] com.zaxxer.hikari.pool.PoolBase          : HikariPool-1 - Established new connection (f87c6030-9d82-4c40-b710-17146d71cff9)
2025-08-20T15:21:53.517+05:30 DEBUG 22948 --- [MyService] [onnection-adder] com.zaxxer.hikari.pool.HikariPool        : HikariPool-1 - Added connection conn4: url=jdbc:h2:mem:02a13984-e463-4e92-934f-1e950df12b02 user=SA
2025-08-20T15:21:53.532+05:30  INFO 22948 --- [MyService] [           main] o.s.o.j.p.SpringPersistenceUnitInfo      : No LoadTimeWeaver setup: ignoring JPA class transformer
2025-08-20T15:21:53.549+05:30 DEBUG 22948 --- [MyService] [onnection-adder] com.zaxxer.hikari.pool.HikariPool        : HikariPool-1 - After adding stats (total=5/10, idle=5/10, active=0, waiting=0)
2025-08-20T15:21:53.549+05:30 DEBUG 22948 --- [MyService] [onnection-adder] com.zaxxer.hikari.pool.PoolBase          : HikariPool-1 - Attempting to create/setup new connection (6b0fa43a-6b6e-4f9c-a28f-afcd6e6fb964)
2025-08-20T15:21:53.549+05:30 DEBUG 22948 --- [MyService] [onnection-adder] com.zaxxer.hikari.pool.PoolBase          : HikariPool-1 - Established new connection (6b0fa43a-6b6e-4f9c-a28f-afcd6e6fb964)
2025-08-20T15:21:53.549+05:30 DEBUG 22948 --- [MyService] [onnection-adder] com.zaxxer.hikari.pool.HikariPool        : HikariPool-1 - Added connection conn5: url=jdbc:h2:mem:02a13984-e463-4e92-934f-1e950df12b02 user=SA
2025-08-20T15:21:53.580+05:30 DEBUG 22948 --- [MyService] [onnection-adder] com.zaxxer.hikari.pool.HikariPool        : HikariPool-1 - After adding stats (total=6/10, idle=5/10, active=1, waiting=0)
2025-08-20T15:21:53.580+05:30 DEBUG 22948 --- [MyService] [onnection-adder] com.zaxxer.hikari.pool.PoolBase          : HikariPool-1 - Attempting to create/setup new connection (46356af3-171b-4a68-b52f-6ef8d417be2c)
2025-08-20T15:21:53.581+05:30 DEBUG 22948 --- [MyService] [onnection-adder] com.zaxxer.hikari.pool.PoolBase          : HikariPool-1 - Established new connection (46356af3-171b-4a68-b52f-6ef8d417be2c)
2025-08-20T15:21:53.582+05:30 DEBUG 22948 --- [MyService] [onnection-adder] com.zaxxer.hikari.pool.HikariPool        : HikariPool-1 - Added connection conn6: url=jdbc:h2:mem:02a13984-e463-4e92-934f-1e950df12b02 user=SA
2025-08-20T15:21:53.607+05:30  INFO 22948 --- [MyService] [           main] org.hibernate.orm.connections.pooling    : HHH10001005: Database info:
	Database JDBC URL [Connecting through datasource 'HikariDataSource (HikariPool-1)']
	Database driver: undefined/unknown
	Database version: 2.3.232
	Autocommit mode: undefined/unknown
	Isolation level: undefined/unknown
	Minimum pool size: undefined/unknown
	Maximum pool size: undefined/unknown
2025-08-20T15:21:53.627+05:30 DEBUG 22948 --- [MyService] [onnection-adder] com.zaxxer.hikari.pool.HikariPool        : HikariPool-1 - After adding stats (total=7/10, idle=7/10, active=0, waiting=0)
2025-08-20T15:21:53.627+05:30 DEBUG 22948 --- [MyService] [onnection-adder] com.zaxxer.hikari.pool.PoolBase          : HikariPool-1 - Attempting to create/setup new connection (9ef670f1-eba7-4130-8eae-386446f02a43)
2025-08-20T15:21:53.627+05:30 DEBUG 22948 --- [MyService] [onnection-adder] com.zaxxer.hikari.pool.PoolBase          : HikariPool-1 - Established new connection (9ef670f1-eba7-4130-8eae-386446f02a43)
2025-08-20T15:21:53.627+05:30 DEBUG 22948 --- [MyService] [onnection-adder] com.zaxxer.hikari.pool.HikariPool        : HikariPool-1 - Added connection conn7: url=jdbc:h2:mem:02a13984-e463-4e92-934f-1e950df12b02 user=SA
2025-08-20T15:21:53.659+05:30 DEBUG 22948 --- [MyService] [onnection-adder] com.zaxxer.hikari.pool.HikariPool        : HikariPool-1 - After adding stats (total=8/10, idle=8/10, active=0, waiting=0)
2025-08-20T15:21:53.659+05:30 DEBUG 22948 --- [MyService] [onnection-adder] com.zaxxer.hikari.pool.PoolBase          : HikariPool-1 - Attempting to create/setup new connection (5f0dbef5-1fb2-46a9-9b75-9a872b4ad2ff)
2025-08-20T15:21:53.660+05:30 DEBUG 22948 --- [MyService] [onnection-adder] com.zaxxer.hikari.pool.PoolBase          : HikariPool-1 - Established new connection (5f0dbef5-1fb2-46a9-9b75-9a872b4ad2ff)
2025-08-20T15:21:53.660+05:30 DEBUG 22948 --- [MyService] [onnection-adder] com.zaxxer.hikari.pool.HikariPool        : HikariPool-1 - Added connection conn8: url=jdbc:h2:mem:02a13984-e463-4e92-934f-1e950df12b02 user=SA
2025-08-20T15:21:53.693+05:30 DEBUG 22948 --- [MyService] [onnection-adder] com.zaxxer.hikari.pool.HikariPool        : HikariPool-1 - After adding stats (total=9/10, idle=9/10, active=0, waiting=0)
2025-08-20T15:21:53.693+05:30 DEBUG 22948 --- [MyService] [onnection-adder] com.zaxxer.hikari.pool.PoolBase          : HikariPool-1 - Attempting to create/setup new connection (2c839ce8-4b7f-4459-8f8c-d3f7dd1dbb58)
2025-08-20T15:21:53.694+05:30 DEBUG 22948 --- [MyService] [onnection-adder] com.zaxxer.hikari.pool.PoolBase          : HikariPool-1 - Established new connection (2c839ce8-4b7f-4459-8f8c-d3f7dd1dbb58)
2025-08-20T15:21:53.694+05:30 DEBUG 22948 --- [MyService] [onnection-adder] com.zaxxer.hikari.pool.HikariPool        : HikariPool-1 - Added connection conn9: url=jdbc:h2:mem:02a13984-e463-4e92-934f-1e950df12b02 user=SA
2025-08-20T15:21:53.736+05:30 DEBUG 22948 --- [MyService] [onnection-adder] com.zaxxer.hikari.pool.HikariPool        : HikariPool-1 - After adding stats (total=10/10, idle=10/10, active=0, waiting=0)
2025-08-20T15:21:54.109+05:30  INFO 22948 --- [MyService] [           main] o.h.e.t.j.p.i.JtaPlatformInitiator       : HHH000489: No JTA platform available (set 'hibernate.transaction.jta.platform' to enable JTA platform integration)
2025-08-20T15:21:54.134+05:30  INFO 22948 --- [MyService] [           main] j.LocalContainerEntityManagerFactoryBean : Initialized JPA EntityManagerFactory for persistence unit 'default'
2025-08-20T15:21:54.417+05:30  WARN 22948 --- [MyService] [           main] JpaBaseConfiguration$JpaWebConfiguration : spring.jpa.open-in-view is enabled by default. Therefore, database queries may be performed during view rendering. Explicitly configure spring.jpa.open-in-view to disable this warning
2025-08-20T15:21:55.292+05:30  INFO 22948 --- [MyService] [           main] o.s.b.a.e.web.EndpointLinksResolver      : Exposing 1 endpoint beneath base path '/actuator'
2025-08-20T15:21:55.365+05:30  INFO 22948 --- [MyService] [           main] c.e.ServiceArchetypeApplicationTests     : Started ServiceArchetypeApplicationTests in 4.38 seconds (process running for 7.116)
]]></system-out>
  </testcase>
</testsuite>